<?xml version="1.0" encoding="UTF-8"?>
<testsuite xmlns:xsi="http://www.w3.org/2001/XMLSchema-instance" xsi:noNamespaceSchemaLocation="https://maven.apache.org/surefire/maven-surefire-plugin/xsd/surefire-test-report.xsd" version="3.0.2" name="cqu.wis.roles.WhiskeyDataValidatorTest" time="0.034" tests="20" errors="0" skipped="0" failures="0">
  <properties>
[...]
</properties>
  <testcase name="checkAgeRangeWithMinGreaterThanMaxTest" classname="cqu.wis.roles.WhiskeyDataValidatorTest" time="0.001"/>
  <testcase name="checkRegionWithValidRegionWithSpacesTest" classname="cqu.wis.roles.WhiskeyDataValidatorTest" time="0.0"/>
  <testcase name="checkAgeRangeWithNegativeMaxAgeTest" classname="cqu.wis.roles.WhiskeyDataValidatorTest" time="0.0"/>
  <testcase name="checkAgeRangeWithNullMinAgeTest" classname="cqu.wis.roles.WhiskeyDataValidatorTest" time="0.002"/>
  <testcase name="checkAgeRangeWithZeroMaxAgeTest" classname="cqu.wis.roles.WhiskeyDataValidatorTest" time="0.0"/>
  <testcase name="checkRegionWithSpecialCharactersTest" classname="cqu.wis.roles.WhiskeyDataValidatorTest" time="0.002"/>
  <testcase name="checkRegionWithInvalidCharactersTest" classname="cqu.wis.roles.WhiskeyDataValidatorTest" time="0.001"/>
  <testcase name="checkRegionWithNullRegionTest" classname="cqu.wis.roles.WhiskeyDataValidatorTest" time="0.001"/>
  <testcase name="checkAgeRangeWithEmptyMinAgeTest" classname="cqu.wis.roles.WhiskeyDataValidatorTest" time="0.001"/>
  <testcase name="checkAgeRangeWithInvalidMinAgeTest" classname="cqu.wis.roles.WhiskeyDataValidatorTest" time="0.001"/>
  <testcase name="checkRegionWithWhitespaceRegionTest" classname="cqu.wis.roles.WhiskeyDataValidatorTest" time="0.001"/>
  <testcase name="checkRegionWithEmptyRegionTest" classname="cqu.wis.roles.WhiskeyDataValidatorTest" time="0.0"/>
  <testcase name="checkRegionWithValidRegionTest" classname="cqu.wis.roles.WhiskeyDataValidatorTest" time="0.001"/>
  <testcase name="checkAgeRangeWithValidRangeTest" classname="cqu.wis.roles.WhiskeyDataValidatorTest" time="0.0"/>
  <testcase name="checkAgeRangeWithNullMaxAgeTest" classname="cqu.wis.roles.WhiskeyDataValidatorTest" time="0.001"/>
  <testcase name="checkAgeRangeWithEmptyMaxAgeTest" classname="cqu.wis.roles.WhiskeyDataValidatorTest" time="0.002"/>
  <testcase name="checkAgeRangeWithNegativeMinAgeTest" classname="cqu.wis.roles.WhiskeyDataValidatorTest" time="0.0"/>
  <testcase name="checkAgeRangeWithInvalidMaxAgeTest" classname="cqu.wis.roles.WhiskeyDataValidatorTest" time="0.001"/>
  <testcase name="checkAgeRangeWithEqualMinMaxTest" classname="cqu.wis.roles.WhiskeyDataValidatorTest" time="0.002"/>
  <testcase name="checkAgeRangeWithZeroMinAgeTest" classname="cqu.wis.roles.WhiskeyDataValidatorTest" time="0.001"/>
</testsuite>